This is pdfTeX, Version 3.14159265-2.6-1.40.20 (TeX Live 2019) (preloaded format=pdflatex 2019.10.17)  21 DEC 2022 18:07
entering extended mode
 restricted \write18 enabled.
 %&-line parsing enabled.
**mediation_init.tex
(./mediation_init.tex
LaTeX2e <2018-12-01>
(/usr/local/texlive/2019/texmf-dist/tex/latex/base/article.cls
Document Class: article 2018/09/03 v1.4i Standard LaTeX document class
(/usr/local/texlive/2019/texmf-dist/tex/latex/base/size10.clo
File: size10.clo 2018/09/03 v1.4i Standard LaTeX file (size option)
)
\c@part=\count80
\c@section=\count81
\c@subsection=\count82
\c@subsubsection=\count83
\c@paragraph=\count84
\c@subparagraph=\count85
\c@figure=\count86
\c@table=\count87
\abovecaptionskip=\skip41
\belowcaptionskip=\skip42
\bibindent=\dimen102
)
(/usr/local/texlive/2019/texmf-dist/tex/latex/base/inputenc.sty
Package: inputenc 2018/08/11 v1.3c Input encoding file
\inpenc@prehook=\toks14
\inpenc@posthook=\toks15
)
(/usr/local/texlive/2019/texmf-dist/tex/latex/amsmath/amsmath.sty
Package: amsmath 2018/12/01 v2.17b AMS math features
\@mathmargin=\skip43

For additional information on amsmath, use the `?' option.
(/usr/local/texlive/2019/texmf-dist/tex/latex/amsmath/amstext.sty
Package: amstext 2000/06/29 v2.01 AMS text

(/usr/local/texlive/2019/texmf-dist/tex/latex/amsmath/amsgen.sty
File: amsgen.sty 1999/11/30 v2.0 generic functions
\@emptytoks=\toks16
\ex@=\dimen103
))
(/usr/local/texlive/2019/texmf-dist/tex/latex/amsmath/amsbsy.sty
Package: amsbsy 1999/11/29 v1.2d Bold Symbols
\pmbraise@=\dimen104
)
(/usr/local/texlive/2019/texmf-dist/tex/latex/amsmath/amsopn.sty
Package: amsopn 2016/03/08 v2.02 operator names
)
\inf@bad=\count88
LaTeX Info: Redefining \frac on input line 223.
\uproot@=\count89
\leftroot@=\count90
LaTeX Info: Redefining \overline on input line 385.
\classnum@=\count91
\DOTSCASE@=\count92
LaTeX Info: Redefining \ldots on input line 482.
LaTeX Info: Redefining \dots on input line 485.
LaTeX Info: Redefining \cdots on input line 606.
\Mathstrutbox@=\box27
\strutbox@=\box28
\big@size=\dimen105
LaTeX Font Info:    Redeclaring font encoding OML on input line 729.
LaTeX Font Info:    Redeclaring font encoding OMS on input line 730.
\macc@depth=\count93
\c@MaxMatrixCols=\count94
\dotsspace@=\muskip10
\c@parentequation=\count95
\dspbrk@lvl=\count96
\tag@help=\toks17
\row@=\count97
\column@=\count98
\maxfields@=\count99
\andhelp@=\toks18
\eqnshift@=\dimen106
\alignsep@=\dimen107
\tagshift@=\dimen108
\tagwidth@=\dimen109
\totwidth@=\dimen110
\lineht@=\dimen111
\@envbody=\toks19
\multlinegap=\skip44
\multlinetaggap=\skip45
\mathdisplay@stack=\toks20
LaTeX Info: Redefining \[ on input line 2844.
LaTeX Info: Redefining \] on input line 2845.
)
(/usr/local/texlive/2019/texmf-dist/tex/latex/amsfonts/amssymb.sty
Package: amssymb 2013/01/14 v3.01 AMS font symbols

(/usr/local/texlive/2019/texmf-dist/tex/latex/amsfonts/amsfonts.sty
Package: amsfonts 2013/01/14 v3.01 Basic AMSFonts support
\symAMSa=\mathgroup4
\symAMSb=\mathgroup5
LaTeX Font Info:    Overwriting math alphabet `\mathfrak' in version `bold'
(Font)                  U/euf/m/n --> U/euf/b/n on input line 106.
))
(/usr/local/texlive/2019/texmf-dist/tex/latex/graphics/graphicx.sty
Package: graphicx 2017/06/01 v1.1a Enhanced LaTeX Graphics (DPC,SPQR)

(/usr/local/texlive/2019/texmf-dist/tex/latex/graphics/keyval.sty
Package: keyval 2014/10/28 v1.15 key=value parser (DPC)
\KV@toks@=\toks21
)
(/usr/local/texlive/2019/texmf-dist/tex/latex/graphics/graphics.sty
Package: graphics 2017/06/25 v1.2c Standard LaTeX Graphics (DPC,SPQR)

(/usr/local/texlive/2019/texmf-dist/tex/latex/graphics/trig.sty
Package: trig 2016/01/03 v1.10 sin cos tan (DPC)
)
(/usr/local/texlive/2019/texmf-dist/tex/latex/graphics-cfg/graphics.cfg
File: graphics.cfg 2016/06/04 v1.11 sample graphics configuration
)
Package graphics Info: Driver file: pdftex.def on input line 99.

(/usr/local/texlive/2019/texmf-dist/tex/latex/graphics-def/pdftex.def
File: pdftex.def 2018/01/08 v1.0l Graphics/color driver for pdftex
))
\Gin@req@height=\dimen112
\Gin@req@width=\dimen113
)
(/usr/local/texlive/2019/texmf-dist/tex/latex/xcolor/xcolor.sty
Package: xcolor 2016/05/11 v2.12 LaTeX color extensions (UK)

(/usr/local/texlive/2019/texmf-dist/tex/latex/graphics-cfg/color.cfg
File: color.cfg 2016/01/02 v1.6 sample color configuration
)
Package xcolor Info: Driver file: pdftex.def on input line 225.
Package xcolor Info: Model `cmy' substituted by `cmy0' on input line 1348.
Package xcolor Info: Model `hsb' substituted by `rgb' on input line 1352.
Package xcolor Info: Model `RGB' extended on input line 1364.
Package xcolor Info: Model `HTML' substituted by `rgb' on input line 1366.
Package xcolor Info: Model `Hsb' substituted by `hsb' on input line 1367.
Package xcolor Info: Model `tHsb' substituted by `hsb' on input line 1368.
Package xcolor Info: Model `HSB' substituted by `hsb' on input line 1369.
Package xcolor Info: Model `Gray' substituted by `gray' on input line 1370.
Package xcolor Info: Model `wave' substituted by `hsb' on input line 1371.

(/usr/local/texlive/2019/texmf-dist/tex/latex/graphics/dvipsnam.def
File: dvipsnam.def 2016/06/17 v3.0m Driver-dependent file (DPC,SPQR)
))
(/usr/local/texlive/2019/texmf-dist/tex/latex/float/float.sty
Package: float 2001/11/08 v1.3d Float enhancements (AL)
\c@float@type=\count100
\float@exts=\toks22
\float@box=\box29
\@float@everytoks=\toks23
\@floatcapt=\box30
)
(./mediation_init.aux

LaTeX Warning: Label `' multiply defined.

)
\openout1 = `mediation_init.aux'.

LaTeX Font Info:    Checking defaults for OML/cmm/m/it on input line 16.
LaTeX Font Info:    ... okay on input line 16.
LaTeX Font Info:    Checking defaults for T1/cmr/m/n on input line 16.
LaTeX Font Info:    ... okay on input line 16.
LaTeX Font Info:    Checking defaults for OT1/cmr/m/n on input line 16.
LaTeX Font Info:    ... okay on input line 16.
LaTeX Font Info:    Checking defaults for OMS/cmsy/m/n on input line 16.
LaTeX Font Info:    ... okay on input line 16.
LaTeX Font Info:    Checking defaults for OMX/cmex/m/n on input line 16.
LaTeX Font Info:    ... okay on input line 16.
LaTeX Font Info:    Checking defaults for U/cmr/m/n on input line 16.
LaTeX Font Info:    ... okay on input line 16.
 (/usr/local/texlive/2019/texmf-dist/tex/context/base/mkii/supp-pdf.mkii
[Loading MPS to PDF converter (version 2006.09.02).]
\scratchcounter=\count101
\scratchdimen=\dimen114
\scratchbox=\box31
\nofMPsegments=\count102
\nofMParguments=\count103
\everyMPshowfont=\toks24
\MPscratchCnt=\count104
\MPscratchDim=\dimen115
\MPnumerator=\count105
\makeMPintoPDFobject=\count106
\everyMPtoPDFconversion=\toks25
) (/usr/local/texlive/2019/texmf-dist/tex/latex/oberdiek/epstopdf-base.sty
Package: epstopdf-base 2016/05/15 v2.6 Base part for package epstopdf

(/usr/local/texlive/2019/texmf-dist/tex/generic/oberdiek/infwarerr.sty
Package: infwarerr 2016/05/16 v1.4 Providing info/warning/error messages (HO)
)
(/usr/local/texlive/2019/texmf-dist/tex/latex/oberdiek/grfext.sty
Package: grfext 2016/05/16 v1.2 Manage graphics extensions (HO)

(/usr/local/texlive/2019/texmf-dist/tex/generic/oberdiek/kvdefinekeys.sty
Package: kvdefinekeys 2016/05/16 v1.4 Define keys (HO)

(/usr/local/texlive/2019/texmf-dist/tex/generic/oberdiek/ltxcmds.sty
Package: ltxcmds 2016/05/16 v1.23 LaTeX kernel commands for general use (HO)
)))
(/usr/local/texlive/2019/texmf-dist/tex/latex/oberdiek/kvoptions.sty
Package: kvoptions 2016/05/16 v3.12 Key value format for package options (HO)

(/usr/local/texlive/2019/texmf-dist/tex/generic/oberdiek/kvsetkeys.sty
Package: kvsetkeys 2016/05/16 v1.17 Key value parser (HO)

(/usr/local/texlive/2019/texmf-dist/tex/generic/oberdiek/etexcmds.sty
Package: etexcmds 2016/05/16 v1.6 Avoid name clashes with e-TeX commands (HO)

(/usr/local/texlive/2019/texmf-dist/tex/generic/oberdiek/ifluatex.sty
Package: ifluatex 2016/05/16 v1.4 Provides the ifluatex switch (HO)
Package ifluatex Info: LuaTeX not detected.
))))
(/usr/local/texlive/2019/texmf-dist/tex/generic/oberdiek/pdftexcmds.sty
Package: pdftexcmds 2018/09/10 v0.29 Utility functions of pdfTeX for LuaTeX (HO
)

(/usr/local/texlive/2019/texmf-dist/tex/generic/oberdiek/ifpdf.sty
Package: ifpdf 2018/09/07 v3.3 Provides the ifpdf switch
)
Package pdftexcmds Info: LuaTeX not detected.
Package pdftexcmds Info: \pdf@primitive is available.
Package pdftexcmds Info: \pdf@ifprimitive is available.
Package pdftexcmds Info: \pdfdraftmode found.
)
Package epstopdf-base Info: Redefining graphics rule for `.eps' on input line 4
38.
Package grfext Info: Graphics extension search list:
(grfext)             [.pdf,.png,.jpg,.mps,.jpeg,.jbig2,.jb2,.PDF,.PNG,.JPG,.JPE
G,.JBIG2,.JB2,.eps]
(grfext)             \AppendGraphicsExtensions on input line 456.

(/usr/local/texlive/2019/texmf-dist/tex/latex/latexconfig/epstopdf-sys.cfg
File: epstopdf-sys.cfg 2010/07/13 v1.3 Configuration of (r)epstopdf for TeX Liv
e
))
LaTeX Font Info:    Try loading font information for U+msa on input line 18.

(/usr/local/texlive/2019/texmf-dist/tex/latex/amsfonts/umsa.fd
File: umsa.fd 2013/01/14 v3.01 AMS symbols A
)
LaTeX Font Info:    Try loading font information for U+msb on input line 18.

(/usr/local/texlive/2019/texmf-dist/tex/latex/amsfonts/umsb.fd
File: umsb.fd 2013/01/14 v3.01 AMS symbols B
)
LaTeX Font Info:    Try loading font information for OMS+cmr on input line 25.

(/usr/local/texlive/2019/texmf-dist/tex/latex/base/omscmr.fd
File: omscmr.fd 2014/09/29 v2.5h Standard LaTeX font definitions
)
LaTeX Font Info:    Font shape `OMS/cmr/m/n' in size <10> not available
(Font)              Font shape `OMS/cmsy/m/n' tried instead on input line 25.

Underfull \hbox (badness 10000) in paragraph at lines 40--44

 []

[1

{/usr/local/texlive/2019/texmf-var/fonts/map/pdftex/updmap/pdftex.map}]
Underfull \hbox (badness 10000) in paragraph at lines 61--66

 []


Underfull \hbox (badness 10000) in paragraph at lines 61--66

 []


Underfull \hbox (badness 10000) in paragraph at lines 78--87

 []


Underfull \hbox (badness 10000) in paragraph at lines 78--87

 []


Underfull \hbox (badness 10000) in paragraph at lines 78--87

 []


Underfull \hbox (badness 10000) in paragraph at lines 78--87

 []

[2]
Underfull \hbox (badness 10000) in paragraph at lines 90--93

 []


Underfull \hbox (badness 10000) in paragraph at lines 101--105

 []

[3]
Underfull \hbox (badness 10000) in paragraph at lines 129--132

 []


Overfull \hbox (1.02832pt too wide) in paragraph at lines 141--142
[]\OT1/cmr/m/n/10 Provide al-ter-na-tive re-search de-signs to en-able iden-ti-
fi-ca-tion of causal mech-
 []


Underfull \hbox (badness 10000) in paragraph at lines 143--154

 []


Underfull \hbox (badness 10000) in paragraph at lines 143--154

 []


Underfull \hbox (badness 10000) in paragraph at lines 143--154

 []


Underfull \hbox (badness 10000) in paragraph at lines 143--154

 []


Underfull \hbox (badness 10000) in paragraph at lines 143--154

 []

[4]
Underfull \hbox (badness 10000) in paragraph at lines 160--164

 []

[5]
Underfull \hbox (badness 10000) in paragraph at lines 166--170

 []


Overfull \hbox (4.12228pt too wide) in paragraph at lines 171--171
[]\OT1/cmr/bx/n/12 Nonparameteric Iden-ti-fi-ca-tion un-der Stan-dard De-signs 

 []


Underfull \hbox (badness 10000) in paragraph at lines 179--199

 []


Underfull \hbox (badness 10000) in paragraph at lines 179--199

 []


Underfull \hbox (badness 10000) in paragraph at lines 179--199

 []


Underfull \hbox (badness 10000) in paragraph at lines 179--199

 []


Underfull \hbox (badness 10000) in paragraph at lines 179--199

 []


Underfull \hbox (badness 10000) in paragraph at lines 179--199

 []


Underfull \hbox (badness 10000) in paragraph at lines 179--199

 []


Underfull \hbox (badness 10000) in paragraph at lines 179--199

 []


Underfull \hbox (badness 10000) in paragraph at lines 179--199

 []

[6]
Underfull \hbox (badness 10000) in paragraph at lines 209--213

 []

[7]
Underfull \hbox (badness 10000) in paragraph at lines 217--228

 []


Underfull \hbox (badness 10000) in paragraph at lines 217--228

 []


Underfull \hbox (badness 10000) in paragraph at lines 217--228

 []


Underfull \hbox (badness 10000) in paragraph at lines 217--228

 []


Underfull \hbox (badness 10000) in paragraph at lines 217--228

 []

[8]
Underfull \hbox (badness 10000) in paragraph at lines 232--233

 []


Underfull \hbox (badness 10000) in paragraph at lines 243--255

 []


Underfull \hbox (badness 10000) in paragraph at lines 243--255

 []


Underfull \hbox (badness 10000) in paragraph at lines 243--255

 []


Underfull \hbox (badness 10000) in paragraph at lines 243--255

 []


Underfull \hbox (badness 10000) in paragraph at lines 243--255

 []


Underfull \hbox (badness 10000) in paragraph at lines 243--255

 []

[9]
Underfull \hbox (badness 10000) in paragraph at lines 259--265

 []


Underfull \hbox (badness 10000) in paragraph at lines 259--265

 []

[10]
Underfull \hbox (badness 10000) in paragraph at lines 290--294

 []


Underfull \hbox (badness 10000) in paragraph at lines 306--311

 []


Underfull \hbox (badness 10000) in paragraph at lines 306--311

 []

[11]
<multiple_mechanisms.png, id=49, 452.69125pt x 105.39375pt>
File: multiple_mechanisms.png Graphic file (type png)
<use multiple_mechanisms.png>
Package pdftex.def Info: multiple_mechanisms.png  used on input line 323.
(pdftex.def)             Requested size: 345.0pt x 80.32039pt.

Underfull \hbox (badness 10000) in paragraph at lines 326--329

 []


Underfull \hbox (badness 10000) in paragraph at lines 334--340

 []


Underfull \hbox (badness 10000) in paragraph at lines 334--340

 []

[12 <./multiple_mechanisms.png>]
Underfull \hbox (badness 10000) in paragraph at lines 352--356

 []


Underfull \hbox (badness 10000) in paragraph at lines 360--367

 []


Underfull \hbox (badness 10000) in paragraph at lines 360--367

 []


Underfull \hbox (badness 10000) in paragraph at lines 360--367

 []

[13]
Underfull \hbox (badness 10000) in paragraph at lines 386--394

 []


Underfull \hbox (badness 10000) in paragraph at lines 386--394

 []


Underfull \hbox (badness 10000) in paragraph at lines 386--394

 []


Underfull \hbox (badness 10000) in paragraph at lines 408--411

 []


Overfull \hbox (8.30621pt too wide) in paragraph at lines 408--411
\OT1/cmr/m/n/10 But, as shown by Robins (2003) we need an ad-di-tional as-sump-
tion of no treatment-
 []

[14]
Underfull \hbox (badness 10000) in paragraph at lines 413--417

 []


Underfull \hbox (badness 10000) in paragraph at lines 452--463

 []


Underfull \hbox (badness 10000) in paragraph at lines 452--463

 []


Underfull \hbox (badness 10000) in paragraph at lines 452--463

 []


Underfull \hbox (badness 10000) in paragraph at lines 452--463

 []


Underfull \hbox (badness 10000) in paragraph at lines 452--463

 []

[15]
Overfull \hbox (104.65918pt too wide) in paragraph at lines 469--481
 [][] 
 []


Overfull \hbox (104.65918pt too wide) in paragraph at lines 486--498
 [][] 
 []

[16] (./mediation_init.aux)

LaTeX Warning: There were multiply-defined labels.

 ) 
Here is how much of TeX's memory you used:
 2981 strings out of 492616
 39217 string characters out of 6129480
 116387 words of memory out of 5000000
 6851 multiletter control sequences out of 15000+600000
 11849 words of font info for 46 fonts, out of 8000000 for 9000
 1141 hyphenation exceptions out of 8191
 41i,9n,35p,913b,238s stack positions out of 5000i,500n,10000p,200000b,80000s
</usr/local/texlive/2019/texmf-dist/fonts/type1/public/amsfonts/cm/cmbx10.pfb
></usr/local/texlive/2019/texmf-dist/fonts/type1/public/amsfonts/cm/cmbx12.pfb>
</usr/local/texlive/2019/texmf-dist/fonts/type1/public/amsfonts/cm/cmex10.pfb><
/usr/local/texlive/2019/texmf-dist/fonts/type1/public/amsfonts/cm/cmmi10.pfb></
usr/local/texlive/2019/texmf-dist/fonts/type1/public/amsfonts/cm/cmmi7.pfb></us
r/local/texlive/2019/texmf-dist/fonts/type1/public/amsfonts/cm/cmr10.pfb></usr/
local/texlive/2019/texmf-dist/fonts/type1/public/amsfonts/cm/cmr12.pfb></usr/lo
cal/texlive/2019/texmf-dist/fonts/type1/public/amsfonts/cm/cmr17.pfb></usr/loca
l/texlive/2019/texmf-dist/fonts/type1/public/amsfonts/cm/cmr7.pfb></usr/local/t
exlive/2019/texmf-dist/fonts/type1/public/amsfonts/cm/cmr8.pfb></usr/local/texl
ive/2019/texmf-dist/fonts/type1/public/amsfonts/cm/cmsy10.pfb></usr/local/texli
ve/2019/texmf-dist/fonts/type1/public/amsfonts/cm/cmsy7.pfb></usr/local/texlive
/2019/texmf-dist/fonts/type1/public/amsfonts/cm/cmti10.pfb>
Output written on mediation_init.pdf (16 pages, 239939 bytes).
PDF statistics:
 111 PDF objects out of 1000 (max. 8388607)
 77 compressed objects within 1 object stream
 0 named destinations out of 1000 (max. 500000)
 6 words of extra memory for PDF output out of 10000 (max. 10000000)

